<?xml version="1.0" encoding="UTF-8"?>
<testsuite name="Tests" tests="2" skipped="0" failures="0" errors="0" timestamp="2022-03-05T03:40:57" hostname="LAPTOP-34QU74CM" time="0.813">
  <properties/>
  <testcase name="testCar" classname="Tests" time="0.003"/>
  <testcase name="testRacer" classname="Tests" time="0.81"/>
  <system-out><![CDATA[Charging
Charging
Charging
]]></system-out>
  <system-err><![CDATA[]]></system-err>
</testsuite>
