<?xml version="1.0" encoding="UTF-8"?>
<testsuite name="Tests" tests="5" skipped="0" failures="0" errors="0" timestamp="2022-03-11T22:11:24" hostname="LAPTOP-34QU74CM" time="0.135">
  <properties/>
  <testcase name="testJsonDoc" classname="Tests" time="0.068"/>
  <testcase name="testJSONStructureInDB" classname="Tests" time="0.041"/>
  <testcase name="testReadingFile" classname="Tests" time="0.01"/>
  <testcase name="testOtherJSONViaDB" classname="Tests" time="0.008"/>
  <testcase name="testComputingReviews" classname="Tests" time="0.008"/>
  <system-out><![CDATA[]]></system-out>
  <system-err><![CDATA[]]></system-err>
</testsuite>
