<?xml version="1.0" encoding="UTF-8"?>
<testsuite name="Tests" tests="2" skipped="0" failures="0" errors="0" timestamp="2022-03-11T22:10:05" hostname="LAPTOP-34QU74CM" time="11.02">
  <properties/>
  <testcase name="testWebPageEditor" classname="Tests" time="11.017"/>
  <testcase name="testWebPage" classname="Tests" time="0.003"/>
  <system-out><![CDATA[WebPageEditor@8e6eb91
]]></system-out>
  <system-err><![CDATA[]]></system-err>
</testsuite>
