<?xml version="1.0" encoding="UTF-8"?>
<testsuite name="Tests" tests="2" skipped="0" failures="0" errors="0" timestamp="2022-03-05T03:28:59" hostname="LAPTOP-34QU74CM" time="0.02">
  <properties/>
  <testcase name="testSolution" classname="Tests" time="0.019"/>
  <testcase name="testReadingDatabase" classname="Tests" time="0.001"/>
  <system-out><![CDATA[]]></system-out>
  <system-err><![CDATA[]]></system-err>
</testsuite>
