<?xml version="1.0" encoding="UTF-8"?>
<testsuite name="TestShape" tests="2" skipped="0" failures="0" errors="0" timestamp="2022-02-12T05:55:50" hostname="LAPTOP-34QU74CM" time="0.051">
  <properties/>
  <testcase name="testShapeConstructor" classname="TestShape" time="0.05"/>
  <testcase name="testShapeConstructorFunctionality" classname="TestShape" time="0.0"/>
  <system-out><![CDATA[]]></system-out>
  <system-err><![CDATA[]]></system-err>
</testsuite>
